<?xml version="1.0" encoding="UTF-8"?>
<!-- Generated by org.testng.reporters.JUnitXMLReporter -->
<testsuite ignored="0" hostname="MSI" failures="0" tests="1" name="Test-3" time="24.203" errors="0" timestamp="2025-07-04T11:04:44 IST">
  <testcase classname="com.orgTest.dockerTest" name="docker" time="24.155"/>
</testsuite> <!-- Test-3 -->
