<?xml version="1.0" encoding="UTF-8"?>
<!-- Generated by org.testng.reporters.JUnitXMLReporter -->
<testsuite ignored="0" hostname="MSI" failures="0" tests="1" name="Test-2" time="27.286" errors="0" timestamp="2025-07-04T11:04:47 IST">
  <testcase classname="com.orgTest.dockerTest" name="docker" time="27.248"/>
</testsuite> <!-- Test-2 -->
