<?xml version="1.0" encoding="UTF-8"?>
<!-- Generated by org.testng.reporters.JUnitReportReporter -->
<testsuite hostname="MSI" failures="0" tests="1" name="com.orgTest.CreateOrgTest" time="4.564" errors="0" timestamp="2025-06-26T10:31:42 IST" skipped="0">
  <testcase classname="com.orgTest.CreateOrgTest" name="createOrg" time="4.564"/>
  <system-out/>
</testsuite> <!-- com.orgTest.CreateOrgTest -->
