<?xml version="1.0" encoding="UTF-8"?>
<!-- Generated by org.testng.reporters.JUnitReportReporter -->
<testsuite hostname="MSI" failures="0" tests="1" name="com.orgTest.docker" time="23.166" errors="0" timestamp="2025-07-04T10:40:13 IST" skipped="0">
  <testcase classname="com.orgTest.docker" name="docker" time="23.166"/>
  <system-out/>
</testsuite> <!-- com.orgTest.docker -->
