<?xml version="1.0" encoding="UTF-8"?>
<!-- Generated by org.testng.reporters.JUnitReportReporter -->
<testsuite hostname="MSI" failures="0" tests="1" name="com.orgTest.browserstackcode" time="27.169" errors="0" timestamp="2025-07-03T13:28:17 IST" skipped="0">
  <testcase classname="com.orgTest.browserstackcode" name="sampletest" time="27.169"/>
  <system-out/>
</testsuite> <!-- com.orgTest.browserstackcode -->
