<?xml version="1.0" encoding="UTF-8"?>
<!-- Generated by org.testng.reporters.JUnitReportReporter -->
<testsuite hostname="MSI" failures="0" tests="1" name="com.orgTest.browserstackcodeTest" time="17.114" errors="0" timestamp="2025-07-04T09:54:22 IST" skipped="0">
  <testcase classname="com.orgTest.browserstackcodeTest" name="sampletest" time="17.114"/>
  <system-out/>
</testsuite> <!-- com.orgTest.browserstackcodeTest -->
