<?xml version="1.0" encoding="UTF-8"?>
<!-- Generated by org.testng.reporters.JUnitReportReporter -->
<testsuite hostname="MSI" failures="0" tests="3" name="com.orgTest.dockerTest" time="75.950" errors="0" timestamp="2025-07-04T11:04:47 IST" skipped="0">
  <testcase classname="com.orgTest.dockerTest" name="docker" time="27.248"/>
  <system-out/>
  <testcase classname="com.orgTest.dockerTest" name="docker" time="24.155"/>
  <system-out/>
  <testcase classname="com.orgTest.dockerTest" name="docker" time="24.547"/>
  <system-out/>
</testsuite> <!-- com.orgTest.dockerTest -->
