<?xml version="1.0" encoding="UTF-8"?>
<!-- Generated by org.testng.reporters.JUnitReportReporter -->
<testsuite hostname="MSI" failures="0" tests="1" name="com.orgTest.browserstackcodeTest" time="16.908" errors="0" timestamp="2025-07-04T10:20:48 IST" skipped="0">
  <testcase classname="com.orgTest.browserstackcodeTest" name="sampletest" time="16.908"/>
  <system-out/>
</testsuite> <!-- com.orgTest.browserstackcodeTest -->
